<?xml version="1.0" encoding="utf-8"?><testsuites><testsuite name="pytest" errors="0" failures="0" skipped="0" tests="2" time="0.063" timestamp="2023-01-23T17:47:41.768554" hostname="Roberts-Mac-mini.local"><testcase classname="tests.test_add" name="test_add" time="0.001" /><testcase classname="tests.test_sub" name="test_sub" time="0.000" /></testsuite></testsuites>